This file contains any messages produced by compilers while
running configure, to aid debugging if configure makes a mistake.

It was created by Specfem3D configure 4.1.1, which was
generated by GNU Autoconf 2.72.  Invocation command line was

  $ ./configure FC=gfortran CC=gcc MPIFC=mpif90 --with-mpi --with-cuda12 CUDA_LIB=/usr/local/cuda/lib64

## --------- ##
## Platform. ##
## --------- ##

hostname = koukuo-OMEN-by-HP-Gaming-Laptop-16-wf0xxx
uname -m = x86_64
uname -r = 6.14.0-37-generic
uname -s = Linux
uname -v = #37~24.04.1-Ubuntu SMP PREEMPT_DYNAMIC Thu Nov 20 10:25:38 UTC 2

/usr/bin/uname -p = x86_64
/bin/uname -X     = unknown

/bin/arch              = x86_64
/usr/bin/arch -k       = unknown
/usr/convex/getsysinfo = unknown
/usr/bin/hostinfo      = unknown
/bin/machine           = unknown
/usr/bin/oslevel       = unknown
/bin/universe          = unknown

PATH: /usr/local/cuda/bin/
PATH: /usr/local/cuda/bin/
PATH: /home/koukuo/.local/bin/
PATH: /usr/local/sbin/
PATH: /usr/local/bin/
PATH: /usr/sbin/
PATH: /usr/bin/
PATH: /sbin/
PATH: /bin/
PATH: /usr/games/
PATH: /usr/local/games/
PATH: /snap/bin/
PATH: /snap/bin/
PATH: /home/koukuo/.local/bin/
PATH: /home/koukuo/.local/bin/


## ----------- ##
## Core tests. ##
## ----------- ##

configure:2935: looking for aux files: config.guess config.sub
configure:2948:  trying ./
configure:2977:   ./config.guess found
configure:2977:   ./config.sub found
configure:3242: checking build system type
configure:3258: result: x86_64-pc-linux-gnu
configure:3278: checking host system type
configure:3293: result: x86_64-pc-linux-gnu
configure:3951: checking for Fortran compiler version
configure:3960: gfortran --version >&5
GNU Fortran (Ubuntu 13.3.0-6ubuntu2~24.04) 13.3.0
Copyright (C) 2023 Free Software Foundation, Inc.
This is free software; see the source for copying conditions.  There is NO
warranty; not even for MERCHANTABILITY or FITNESS FOR A PARTICULAR PURPOSE.

configure:3971: $? = 0
configure:3960: gfortran -v >&5
Using built-in specs.
COLLECT_GCC=gfortran
COLLECT_LTO_WRAPPER=/usr/libexec/gcc/x86_64-linux-gnu/13/lto-wrapper
OFFLOAD_TARGET_NAMES=nvptx-none:amdgcn-amdhsa
OFFLOAD_TARGET_DEFAULT=1
Target: x86_64-linux-gnu
Configured with: ../src/configure -v --with-pkgversion='Ubuntu 13.3.0-6ubuntu2~24.04' --with-bugurl=file:///usr/share/doc/gcc-13/README.Bugs --enable-languages=c,ada,c++,go,d,fortran,objc,obj-c++,m2 --prefix=/usr --with-gcc-major-version-only --program-suffix=-13 --program-prefix=x86_64-linux-gnu- --enable-shared --enable-linker-build-id --libexecdir=/usr/libexec --without-included-gettext --enable-threads=posix --libdir=/usr/lib --enable-nls --enable-bootstrap --enable-clocale=gnu --enable-libstdcxx-debug --enable-libstdcxx-time=yes --with-default-libstdcxx-abi=new --enable-libstdcxx-backtrace --enable-gnu-unique-object --disable-vtable-verify --enable-plugin --enable-default-pie --with-system-zlib --enable-libphobos-checking=release --with-target-system-zlib=auto --enable-objc-gc=auto --enable-multiarch --disable-werror --enable-cet --with-arch-32=i686 --with-abi=m64 --with-multilib-list=m32,m64,mx32 --enable-multilib --with-tune=generic --enable-offload-targets=nvptx-none=/build/gcc-13-fG75Ri/gcc-13-13.3.0/debian/tmp-nvptx/usr,amdgcn-amdhsa=/build/gcc-13-fG75Ri/gcc-13-13.3.0/debian/tmp-gcn/usr --enable-offload-defaulted --without-cuda-driver --enable-checking=release --build=x86_64-linux-gnu --host=x86_64-linux-gnu --target=x86_64-linux-gnu --with-build-config=bootstrap-lto-lean --enable-link-serialization=2
Thread model: posix
Supported LTO compression algorithms: zlib zstd
gcc version 13.3.0 (Ubuntu 13.3.0-6ubuntu2~24.04) 
... rest of stderr output deleted ...
configure:3971: $? = 0
configure:3960: gfortran -V >&5
gfortran: error: unrecognized command-line option '-V'
gfortran: fatal error: no input files
compilation terminated.
configure:3971: $? = 1
configure:3960: gfortran -qversion >&5
gfortran: error: unrecognized command-line option '-qversion'; did you mean '--version'?
gfortran: fatal error: no input files
compilation terminated.
configure:3971: $? = 1
configure:3986: checking whether the Fortran compiler works
configure:4008: gfortran    conftest.f  >&5
configure:4012: $? = 0
configure:4063: result: yes
configure:4067: checking for Fortran compiler default output file name
configure:4069: result: a.out
configure:4075: checking for suffix of executables
configure:4082: gfortran -o conftest    conftest.f  >&5
configure:4086: $? = 0
configure:4110: result: 
configure:4126: checking whether we are cross compiling
configure:4134: gfortran -o conftest    conftest.f  >&5
configure:4138: $? = 0
configure:4145: ./conftest
configure:4149: $? = 0
configure:4164: result: no
configure:4170: checking for suffix of object files
configure:4187: gfortran -c   conftest.f >&5
configure:4191: $? = 0
configure:4215: result: o
configure:4223: checking whether the compiler supports GNU Fortran
configure:4237: gfortran -c   conftest.F >&5
configure:4237: $? = 0
configure:4249: result: yes
configure:4257: checking whether gfortran accepts -g
configure:4269: gfortran -c -g  conftest.f >&5
configure:4269: $? = 0
configure:4280: result: yes
configure:4319: running /bin/bash ./flags.guess
configure:4330: checking how to get verbose linking output from gfortran
configure:4341: gfortran -c -g -O2  conftest.f >&5
configure:4341: $? = 0
configure:4360: gfortran -o conftest -g -O2 -v conftest.f
Using built-in specs.
Target: x86_64-linux-gnu
Thread model: posix
Supported LTO compression algorithms: zlib zstd
gcc version 13.3.0 (Ubuntu 13.3.0-6ubuntu2~24.04) 
 /usr/libexec/gcc/x86_64-linux-gnu/13/f951 conftest.f -ffixed-form -quiet -dumpbase conftest.f -dumpbase-ext .f -mtune=generic -march=x86-64 -g -O2 -version -fintrinsic-modules-path /usr/lib/gcc/x86_64-linux-gnu/13/finclude -fpre-include=/usr/include/finclude/x86_64-linux-gnu/math-vector-fortran.h -o /tmp/ccAN8D6V.s
GNU Fortran (Ubuntu 13.3.0-6ubuntu2~24.04) version 13.3.0 (x86_64-linux-gnu)
	compiled by GNU C version 13.3.0, GMP version 6.3.0, MPFR version 4.2.1, MPC version 1.3.1, isl version isl-0.26-GMP

GGC heuristics: --param ggc-min-expand=100 --param ggc-min-heapsize=131072
 as -v --gdwarf-5 --64 -o /tmp/ccPJXzRk.o /tmp/ccAN8D6V.s
GNU assembler version 2.42 (x86_64-linux-gnu) using BFD version (GNU Binutils for Ubuntu) 2.42
Reading specs from /usr/lib/gcc/x86_64-linux-gnu/13/libgfortran.spec
rename spec lib to liborig
 /usr/libexec/gcc/x86_64-linux-gnu/13/collect2 -plugin /usr/libexec/gcc/x86_64-linux-gnu/13/liblto_plugin.so -plugin-opt=/usr/libexec/gcc/x86_64-linux-gnu/13/lto-wrapper -plugin-opt=-fresolution=/tmp/ccb7374V.res -plugin-opt=-pass-through=-lgcc_s -plugin-opt=-pass-through=-lgcc -plugin-opt=-pass-through=-lquadmath -plugin-opt=-pass-through=-lm -plugin-opt=-pass-through=-lc -plugin-opt=-pass-through=-lgcc_s -plugin-opt=-pass-through=-lgcc --build-id --eh-frame-hdr -m elf_x86_64 --hash-style=gnu --as-needed -dynamic-linker /lib64/ld-linux-x86-64.so.2 -pie -z now -z relro -o conftest /usr/lib/gcc/x86_64-linux-gnu/13/../../../x86_64-linux-gnu/Scrt1.o /usr/lib/gcc/x86_64-linux-gnu/13/../../../x86_64-linux-gnu/crti.o /usr/lib/gcc/x86_64-linux-gnu/13/crtbeginS.o -L/usr/lib/gcc/x86_64-linux-gnu/13 -L/usr/lib/gcc/x86_64-linux-gnu/13/../../../x86_64-linux-gnu -L/usr/lib/gcc/x86_64-linux-gnu/13/../../../../lib -L/lib/x86_64-linux-gnu -L/lib/../lib -L/usr/lib/x86_64-linux-gnu -L/usr/lib/../lib -L/usr/lib/gcc/x86_64-linux-gnu/13/../../.. /tmp/ccPJXzRk.o -lgfortran -lm -lgcc_s -lgcc --as-needed -lquadmath --no-as-needed -lm -lc -lgcc_s -lgcc /usr/lib/gcc/x86_64-linux-gnu/13/crtendS.o /usr/lib/gcc/x86_64-linux-gnu/13/../../../x86_64-linux-gnu/crtn.o
configure:4445: result: -v
configure:4447: checking for Fortran libraries of gfortran
configure:4471: gfortran -o conftest -g -O2 -v conftest.f
Using built-in specs.
Target: x86_64-linux-gnu
Thread model: posix
Supported LTO compression algorithms: zlib zstd
gcc version 13.3.0 (Ubuntu 13.3.0-6ubuntu2~24.04) 
 /usr/libexec/gcc/x86_64-linux-gnu/13/f951 conftest.f -ffixed-form -quiet -dumpbase conftest.f -dumpbase-ext .f -mtune=generic -march=x86-64 -g -O2 -version -fintrinsic-modules-path /usr/lib/gcc/x86_64-linux-gnu/13/finclude -fpre-include=/usr/include/finclude/x86_64-linux-gnu/math-vector-fortran.h -o /tmp/ccdgVV29.s
GNU Fortran (Ubuntu 13.3.0-6ubuntu2~24.04) version 13.3.0 (x86_64-linux-gnu)
	compiled by GNU C version 13.3.0, GMP version 6.3.0, MPFR version 4.2.1, MPC version 1.3.1, isl version isl-0.26-GMP

GGC heuristics: --param ggc-min-expand=100 --param ggc-min-heapsize=131072
 as -v --gdwarf-5 --64 -o /tmp/ccMgqB3D.o /tmp/ccdgVV29.s
GNU assembler version 2.42 (x86_64-linux-gnu) using BFD version (GNU Binutils for Ubuntu) 2.42
Reading specs from /usr/lib/gcc/x86_64-linux-gnu/13/libgfortran.spec
rename spec lib to liborig
 /usr/libexec/gcc/x86_64-linux-gnu/13/collect2 -plugin /usr/libexec/gcc/x86_64-linux-gnu/13/liblto_plugin.so -plugin-opt=/usr/libexec/gcc/x86_64-linux-gnu/13/lto-wrapper -plugin-opt=-fresolution=/tmp/ccvZbYKr.res -plugin-opt=-pass-through=-lgcc_s -plugin-opt=-pass-through=-lgcc -plugin-opt=-pass-through=-lquadmath -plugin-opt=-pass-through=-lm -plugin-opt=-pass-through=-lc -plugin-opt=-pass-through=-lgcc_s -plugin-opt=-pass-through=-lgcc --build-id --eh-frame-hdr -m elf_x86_64 --hash-style=gnu --as-needed -dynamic-linker /lib64/ld-linux-x86-64.so.2 -pie -z now -z relro -o conftest /usr/lib/gcc/x86_64-linux-gnu/13/../../../x86_64-linux-gnu/Scrt1.o /usr/lib/gcc/x86_64-linux-gnu/13/../../../x86_64-linux-gnu/crti.o /usr/lib/gcc/x86_64-linux-gnu/13/crtbeginS.o -L/usr/lib/gcc/x86_64-linux-gnu/13 -L/usr/lib/gcc/x86_64-linux-gnu/13/../../../x86_64-linux-gnu -L/usr/lib/gcc/x86_64-linux-gnu/13/../../../../lib -L/lib/x86_64-linux-gnu -L/lib/../lib -L/usr/lib/x86_64-linux-gnu -L/usr/lib/../lib -L/usr/lib/gcc/x86_64-linux-gnu/13/../../.. /tmp/ccMgqB3D.o -lgfortran -lm -lgcc_s -lgcc --as-needed -lquadmath --no-as-needed -lm -lc -lgcc_s -lgcc /usr/lib/gcc/x86_64-linux-gnu/13/crtendS.o /usr/lib/gcc/x86_64-linux-gnu/13/../../../x86_64-linux-gnu/crtn.o
configure:4693: result:  -L/usr/lib/gcc/x86_64-linux-gnu/13 -L/usr/lib/gcc/x86_64-linux-gnu/13/../../../x86_64-linux-gnu -L/usr/lib/gcc/x86_64-linux-gnu/13/../../../../lib -L/lib/x86_64-linux-gnu -L/lib/../lib -L/usr/lib/x86_64-linux-gnu -L/usr/lib/../lib -L/usr/lib/gcc/x86_64-linux-gnu/13/../../.. -lgfortran -lm -lquadmath
configure:4767: checking for gcc
configure:4800: result: gcc
configure:5159: checking for C compiler version
configure:5168: gcc --version >&5
gcc (Ubuntu 13.3.0-6ubuntu2~24.04) 13.3.0
Copyright (C) 2023 Free Software Foundation, Inc.
This is free software; see the source for copying conditions.  There is NO
warranty; not even for MERCHANTABILITY or FITNESS FOR A PARTICULAR PURPOSE.

configure:5179: $? = 0
configure:5168: gcc -v >&5
Using built-in specs.
COLLECT_GCC=gcc
COLLECT_LTO_WRAPPER=/usr/libexec/gcc/x86_64-linux-gnu/13/lto-wrapper
OFFLOAD_TARGET_NAMES=nvptx-none:amdgcn-amdhsa
OFFLOAD_TARGET_DEFAULT=1
Target: x86_64-linux-gnu
Configured with: ../src/configure -v --with-pkgversion='Ubuntu 13.3.0-6ubuntu2~24.04' --with-bugurl=file:///usr/share/doc/gcc-13/README.Bugs --enable-languages=c,ada,c++,go,d,fortran,objc,obj-c++,m2 --prefix=/usr --with-gcc-major-version-only --program-suffix=-13 --program-prefix=x86_64-linux-gnu- --enable-shared --enable-linker-build-id --libexecdir=/usr/libexec --without-included-gettext --enable-threads=posix --libdir=/usr/lib --enable-nls --enable-bootstrap --enable-clocale=gnu --enable-libstdcxx-debug --enable-libstdcxx-time=yes --with-default-libstdcxx-abi=new --enable-libstdcxx-backtrace --enable-gnu-unique-object --disable-vtable-verify --enable-plugin --enable-default-pie --with-system-zlib --enable-libphobos-checking=release --with-target-system-zlib=auto --enable-objc-gc=auto --enable-multiarch --disable-werror --enable-cet --with-arch-32=i686 --with-abi=m64 --with-multilib-list=m32,m64,mx32 --enable-multilib --with-tune=generic --enable-offload-targets=nvptx-none=/build/gcc-13-fG75Ri/gcc-13-13.3.0/debian/tmp-nvptx/usr,amdgcn-amdhsa=/build/gcc-13-fG75Ri/gcc-13-13.3.0/debian/tmp-gcn/usr --enable-offload-defaulted --without-cuda-driver --enable-checking=release --build=x86_64-linux-gnu --host=x86_64-linux-gnu --target=x86_64-linux-gnu --with-build-config=bootstrap-lto-lean --enable-link-serialization=2
Thread model: posix
Supported LTO compression algorithms: zlib zstd
gcc version 13.3.0 (Ubuntu 13.3.0-6ubuntu2~24.04) 
... rest of stderr output deleted ...
configure:5179: $? = 0
configure:5168: gcc -V >&5
gcc: error: unrecognized command-line option '-V'
gcc: fatal error: no input files
compilation terminated.
configure:5179: $? = 1
configure:5168: gcc -qversion >&5
gcc: error: unrecognized command-line option '-qversion'; did you mean '--version'?
gcc: fatal error: no input files
compilation terminated.
configure:5179: $? = 1
configure:5168: gcc -version >&5
gcc: error: unrecognized command-line option '-version'
gcc: fatal error: no input files
compilation terminated.
configure:5179: $? = 1
configure:5183: checking whether the compiler supports GNU C
configure:5211: gcc -c   conftest.c >&5
configure:5211: $? = 0
configure:5223: result: yes
configure:5234: checking whether gcc accepts -g
configure:5263: gcc -c -g  conftest.c >&5
configure:5263: $? = 0
configure:5326: result: yes
configure:5346: checking for gcc option to enable C11 features
configure:5361: gcc  -c -g -O2  conftest.c >&5
configure:5361: $? = 0
configure:5380: result: none needed
configure:5504: checking for dummy main to link with Fortran libraries
configure:5539: gcc -o conftest -g -O2   conftest.c   -L/usr/lib/gcc/x86_64-linux-gnu/13 -L/usr/lib/gcc/x86_64-linux-gnu/13/../../../x86_64-linux-gnu -L/usr/lib/gcc/x86_64-linux-gnu/13/../../../../lib -L/lib/x86_64-linux-gnu -L/lib/../lib -L/usr/lib/x86_64-linux-gnu -L/usr/lib/../lib -L/usr/lib/gcc/x86_64-linux-gnu/13/../../.. -lgfortran -lm -lquadmath >&5
configure:5539: $? = 0
configure:5588: result: none
configure:5621: checking for Fortran name-mangling scheme
configure:5635: gfortran -c -g -O2  conftest.f >&5
configure:5635: $? = 0
configure:5680: gcc -o conftest -g -O2   conftest.c cfortran_test.o   -L/usr/lib/gcc/x86_64-linux-gnu/13 -L/usr/lib/gcc/x86_64-linux-gnu/13/../../../x86_64-linux-gnu -L/usr/lib/gcc/x86_64-linux-gnu/13/../../../../lib -L/lib/x86_64-linux-gnu -L/lib/../lib -L/usr/lib/x86_64-linux-gnu -L/usr/lib/../lib -L/usr/lib/gcc/x86_64-linux-gnu/13/../../.. -lgfortran -lm -lquadmath >&5
/usr/bin/ld: /tmp/ccw1Nbil.o: in function `main':
/home/koukuo/gengdaguimo/banjingdubf16/conftest.c:31:(.text.startup+0x9): undefined reference to `foobar'
collect2: error: ld returned 1 exit status
configure:5680: $? = 1
configure: failed program was:
| /* confdefs.h */
| #define PACKAGE_NAME "Specfem3D"
| #define PACKAGE_TARNAME "Specfem3D"
| #define PACKAGE_VERSION "4.1.1"
| #define PACKAGE_STRING "Specfem3D 4.1.1"
| #define PACKAGE_BUGREPORT "see the wiki"
| #define PACKAGE_URL ""
| /* end confdefs.h.  */
| 
| /* Override any GCC internal prototype to avoid an error.
|    Use char because int might match the return type of a GCC
|    builtin and then its argument prototype would still apply.
|    The 'extern "C"' is for builds by C++ compilers;
|    although this is not generally supported in C code supporting it here
|    has little cost and some practical benefit (sr 110532).  */
| #ifdef __cplusplus
| extern "C"
| #endif
| char foobar (void);
| #ifdef FC_DUMMY_MAIN
| #ifndef FC_DUMMY_MAIN_EQ_F77
| #  ifdef __cplusplus
|      extern "C"
| #  endif
|    int FC_DUMMY_MAIN() { return 1; }
| #endif
| #endif
| int
| main (void)
| {
| return foobar ();
|   ;
|   return 0;
| }
configure:5680: gcc -o conftest -g -O2   conftest.c cfortran_test.o   -L/usr/lib/gcc/x86_64-linux-gnu/13 -L/usr/lib/gcc/x86_64-linux-gnu/13/../../../x86_64-linux-gnu -L/usr/lib/gcc/x86_64-linux-gnu/13/../../../../lib -L/lib/x86_64-linux-gnu -L/lib/../lib -L/usr/lib/x86_64-linux-gnu -L/usr/lib/../lib -L/usr/lib/gcc/x86_64-linux-gnu/13/../../.. -lgfortran -lm -lquadmath >&5
configure:5680: $? = 0
configure:5742: gcc -o conftest -g -O2   conftest.c cfortran_test.o   -L/usr/lib/gcc/x86_64-linux-gnu/13 -L/usr/lib/gcc/x86_64-linux-gnu/13/../../../x86_64-linux-gnu -L/usr/lib/gcc/x86_64-linux-gnu/13/../../../../lib -L/lib/x86_64-linux-gnu -L/lib/../lib -L/usr/lib/x86_64-linux-gnu -L/usr/lib/../lib -L/usr/lib/gcc/x86_64-linux-gnu/13/../../.. -lgfortran -lm -lquadmath >&5
configure:5742: $? = 0
configure:5787: result: lower case, underscore, no extra underscore
configure:5862: checking for Fortran flag to compile .f90 files
configure:5883: gfortran -c -g -O2  conftest.f90 >&5
configure:5883: $? = 0
configure:5894: result: none
configure:5919: checking for Fortran flag needed to accept free-form source
configure:5939: gfortran -c -g -O2  conftest.f90 >&5
configure:5939: $? = 0
configure:5950: result: none
configure:5975: checking for Fortran flag to compile preprocessed .F files
configure:6001: gfortran -c -g -O2  conftest.F >&5
configure:6001: $? = 0
configure:6012: gfortran -c -g -O2  conftest.F >&5
conftest.F:5:2:

    5 |       choke me
      |  1    ~~~~~~~~     
Fatal Error: ac_nonexistent.h: No such file or directory
compilation terminated.
configure:6012: $? = 1
configure: failed program was:
|       program main
| 
| #if 1
| #include <ac_nonexistent.h>
|       choke me
| #endif
|       end
configure:6028: result: none
configure:6049: checking how to define symbols for preprocessed Fortran
configure:6072: gfortran -c -g -O2 -DFOOBAR -DZORK=42  conftest.F >&5
configure:6072: $? = 0
configure:6083: result: -D
configure:6103: checking for Fortran flag to compile preprocessed .F90 files
configure:6129: gfortran -c -g -O2  conftest.F90 >&5
configure:6129: $? = 0
configure:6140: gfortran -c -g -O2  conftest.F90 >&5
conftest.F90:5:2:

    5 |       choke me
      |  1    ~~~~~~~~     
Fatal Error: ac_nonexistent.h: No such file or directory
compilation terminated.
configure:6140: $? = 1
configure: failed program was:
|       program main
| 
| #if 1
| #include <ac_nonexistent.h>
|       choke me
| #endif
|       end
configure:6156: result: none
configure:6231: checking for gcc
configure:6264: result: gcc
configure:6623: checking for C compiler version
configure:6632: gcc --version >&5
gcc (Ubuntu 13.3.0-6ubuntu2~24.04) 13.3.0
Copyright (C) 2023 Free Software Foundation, Inc.
This is free software; see the source for copying conditions.  There is NO
warranty; not even for MERCHANTABILITY or FITNESS FOR A PARTICULAR PURPOSE.

configure:6643: $? = 0
configure:6632: gcc -v >&5
Using built-in specs.
COLLECT_GCC=gcc
COLLECT_LTO_WRAPPER=/usr/libexec/gcc/x86_64-linux-gnu/13/lto-wrapper
OFFLOAD_TARGET_NAMES=nvptx-none:amdgcn-amdhsa
OFFLOAD_TARGET_DEFAULT=1
Target: x86_64-linux-gnu
Configured with: ../src/configure -v --with-pkgversion='Ubuntu 13.3.0-6ubuntu2~24.04' --with-bugurl=file:///usr/share/doc/gcc-13/README.Bugs --enable-languages=c,ada,c++,go,d,fortran,objc,obj-c++,m2 --prefix=/usr --with-gcc-major-version-only --program-suffix=-13 --program-prefix=x86_64-linux-gnu- --enable-shared --enable-linker-build-id --libexecdir=/usr/libexec --without-included-gettext --enable-threads=posix --libdir=/usr/lib --enable-nls --enable-bootstrap --enable-clocale=gnu --enable-libstdcxx-debug --enable-libstdcxx-time=yes --with-default-libstdcxx-abi=new --enable-libstdcxx-backtrace --enable-gnu-unique-object --disable-vtable-verify --enable-plugin --enable-default-pie --with-system-zlib --enable-libphobos-checking=release --with-target-system-zlib=auto --enable-objc-gc=auto --enable-multiarch --disable-werror --enable-cet --with-arch-32=i686 --with-abi=m64 --with-multilib-list=m32,m64,mx32 --enable-multilib --with-tune=generic --enable-offload-targets=nvptx-none=/build/gcc-13-fG75Ri/gcc-13-13.3.0/debian/tmp-nvptx/usr,amdgcn-amdhsa=/build/gcc-13-fG75Ri/gcc-13-13.3.0/debian/tmp-gcn/usr --enable-offload-defaulted --without-cuda-driver --enable-checking=release --build=x86_64-linux-gnu --host=x86_64-linux-gnu --target=x86_64-linux-gnu --with-build-config=bootstrap-lto-lean --enable-link-serialization=2
Thread model: posix
Supported LTO compression algorithms: zlib zstd
gcc version 13.3.0 (Ubuntu 13.3.0-6ubuntu2~24.04) 
... rest of stderr output deleted ...
configure:6643: $? = 0
configure:6632: gcc -V >&5
gcc: error: unrecognized command-line option '-V'
gcc: fatal error: no input files
compilation terminated.
configure:6643: $? = 1
configure:6632: gcc -qversion >&5
gcc: error: unrecognized command-line option '-qversion'; did you mean '--version'?
gcc: fatal error: no input files
compilation terminated.
configure:6643: $? = 1
configure:6632: gcc -version >&5
gcc: error: unrecognized command-line option '-version'
gcc: fatal error: no input files
compilation terminated.
configure:6643: $? = 1
configure:6647: checking whether the compiler supports GNU C
configure:6687: result: yes
configure:6698: checking whether gcc accepts -g
configure:6790: result: yes
configure:6810: checking for gcc option to enable C11 features
configure:6844: result: none needed
configure:7027: checking for scotchfarchinit  in -lscotch
configure:7040: gfortran -o conftest -g -O2  -L/usr/lib  conftest.F90 -lscotch -lscotcherr  >&5
/usr/bin/ld: cannot find -lscotch: No such file or directory
/usr/bin/ld: cannot find -lscotcherr: No such file or directory
collect2: error: ld returned 1 exit status
configure:7040: $? = 1
configure: failed program was:
|       program main
|       call scotchfarchinit
|       end
configure:7052: result: no
configure:7075: checking whether Scotch is usable
configure:7092: result: no, using bundled scotch instead
configure:7100: checking for flex
configure:7136: result: no
configure:7100: checking for lex
configure:7136: result: no
configure:7327: checking for bison
configure:7363: result: no
configure:7327: checking for byacc
configure:7363: result: no
configure:7559: checking for the pthreads library -lpthreads
configure:7600: gcc -o conftest -g -O2    conftest.c -lpthreads  >&5
conftest.c: In function 'main':
conftest.c:25:22: warning: argument 1 null where non-null expected [-Wnonnull]
   25 |                      pthread_attr_init(0); pthread_cleanup_push(0, 0);
      |                      ^~~~~~~~~~~~~~~~~
In file included from conftest.c:12:
/usr/include/pthread.h:285:12: note: in a call to function 'pthread_attr_init' declared 'nonnull'
  285 | extern int pthread_attr_init (pthread_attr_t *__attr) __THROW __nonnull ((1));
      |            ^~~~~~~~~~~~~~~~~
conftest.c:26:22: warning: argument 1 null where non-null expected [-Wnonnull]
   26 |                      pthread_create(0,0,0,0); pthread_cleanup_pop(0);
      |                      ^~~~~~~~~~~~~~
/usr/include/pthread.h:202:12: note: in a call to function 'pthread_create' declared 'nonnull'
  202 | extern int pthread_create (pthread_t *__restrict __newthread,
      |            ^~~~~~~~~~~~~~
conftest.c:26:22: warning: argument 3 null where non-null expected [-Wnonnull]
   26 |                      pthread_create(0,0,0,0); pthread_cleanup_pop(0);
      |                      ^~~~~~~~~~~~~~
/usr/include/pthread.h:202:12: note: in a call to function 'pthread_create' declared 'nonnull'
  202 | extern int pthread_create (pthread_t *__restrict __newthread,
      |            ^~~~~~~~~~~~~~
/usr/bin/ld: cannot find -lpthreads: No such file or directory
collect2: error: ld returned 1 exit status
configure:7600: $? = 1
configure: failed program was:
| /* confdefs.h */
| #define PACKAGE_NAME "Specfem3D"
| #define PACKAGE_TARNAME "Specfem3D"
| #define PACKAGE_VERSION "4.1.1"
| #define PACKAGE_STRING "Specfem3D 4.1.1"
| #define PACKAGE_BUGREPORT "see the wiki"
| #define PACKAGE_URL ""
| #define FC_FUNC(name,NAME) name ## _
| #define FC_FUNC_(name,NAME) name ## _
| #define HAVE_SCOTCH 1
| /* end confdefs.h.  */
| #include <pthread.h>
| #ifdef FC_DUMMY_MAIN
| #ifndef FC_DUMMY_MAIN_EQ_F77
| #  ifdef __cplusplus
|      extern "C"
| #  endif
|    int FC_DUMMY_MAIN() { return 1; }
| #endif
| #endif
| int
| main (void)
| {
| pthread_t th; pthread_join(th, 0);
|                      pthread_attr_init(0); pthread_cleanup_push(0, 0);
|                      pthread_create(0,0,0,0); pthread_cleanup_pop(0);
|   ;
|   return 0;
| }
configure:7610: result: no
configure:7498: checking whether pthreads work without any flags
configure:7600: gcc -o conftest -g -O2    conftest.c   >&5
conftest.c: In function 'main':
conftest.c:25:22: warning: argument 1 null where non-null expected [-Wnonnull]
   25 |                      pthread_attr_init(0); pthread_cleanup_push(0, 0);
      |                      ^~~~~~~~~~~~~~~~~
In file included from conftest.c:12:
/usr/include/pthread.h:285:12: note: in a call to function 'pthread_attr_init' declared 'nonnull'
  285 | extern int pthread_attr_init (pthread_attr_t *__attr) __THROW __nonnull ((1));
      |            ^~~~~~~~~~~~~~~~~
conftest.c:26:22: warning: argument 1 null where non-null expected [-Wnonnull]
   26 |                      pthread_create(0,0,0,0); pthread_cleanup_pop(0);
      |                      ^~~~~~~~~~~~~~
/usr/include/pthread.h:202:12: note: in a call to function 'pthread_create' declared 'nonnull'
  202 | extern int pthread_create (pthread_t *__restrict __newthread,
      |            ^~~~~~~~~~~~~~
conftest.c:26:22: warning: argument 3 null where non-null expected [-Wnonnull]
   26 |                      pthread_create(0,0,0,0); pthread_cleanup_pop(0);
      |                      ^~~~~~~~~~~~~~
/usr/include/pthread.h:202:12: note: in a call to function 'pthread_create' declared 'nonnull'
  202 | extern int pthread_create (pthread_t *__restrict __newthread,
      |            ^~~~~~~~~~~~~~
configure:7600: $? = 0
configure:7610: result: yes
configure:7629: checking for joinable pthread attribute
configure:7652: gcc -o conftest -g -O2    conftest.c   >&5
configure:7652: $? = 0
configure:7659: result: PTHREAD_CREATE_JOINABLE
configure:7667: checking if more special flags are required for pthreads
configure:7674: result: no
configure:7747: result: pthread found
configure:7791: result: SCOTCH is enabled
configure:7850: checking Fortran 90 module extension
configure:7873: gfortran -c -g -O2  conftest.F90 >&5
configure:7873: $? = 0
configure:7891: result: mod
configure:7900: checking Fortran 90 module inclusion flag
configure:7923: gfortran -c -g -O2  conftest.F90 >&5
configure:7923: $? = 0
configure:7938: gfortran -c -g -O2 -Mconftest.dir -Mconftest.dir  conftest.F90 >&5
gfortran: error: unrecognized command-line option '-Mconftest.dir'
gfortran: error: unrecognized command-line option '-Mconftest.dir'
configure:7938: $? = 1
configure: failed program was:
| 
|       program main
|       use conftest_module
|       call conftest_routine
|       end program
configure:7938: gfortran -c -g -O2 -Iconftest.dir -Iconftest.dir  conftest.F90 >&5
configure:7938: $? = 0
configure:7960: result: -I
configure:7975: checking Fortran 90 module output flag
configure:8004: gfortran -c -g -O2 -Jsub  conftest.F90 >&5
configure:8004: $? = 0
configure:8014: gfortran -c -g -O2 -Jsub  conftest.F90 >&5
f951: Warning: Nonexistent include directory 'sub' [-Wmissing-include-dirs]
configure:8014: $? = 0
configure:8038: result: -J
configure:8073: checking for stdio.h
configure:8073: gcc -c -g -O2  conftest.c >&5
configure:8073: $? = 0
configure:8073: result: yes
configure:8073: checking for stdlib.h
configure:8073: gcc -c -g -O2  conftest.c >&5
configure:8073: $? = 0
configure:8073: result: yes
configure:8073: checking for string.h
configure:8073: gcc -c -g -O2  conftest.c >&5
configure:8073: $? = 0
configure:8073: result: yes
configure:8073: checking for inttypes.h
configure:8073: gcc -c -g -O2  conftest.c >&5
configure:8073: $? = 0
configure:8073: result: yes
configure:8073: checking for stdint.h
configure:8073: gcc -c -g -O2  conftest.c >&5
configure:8073: $? = 0
configure:8073: result: yes
configure:8073: checking for strings.h
configure:8073: gcc -c -g -O2  conftest.c >&5
configure:8073: $? = 0
configure:8073: result: yes
configure:8073: checking for sys/stat.h
configure:8073: gcc -c -g -O2  conftest.c >&5
configure:8073: $? = 0
configure:8073: result: yes
configure:8073: checking for sys/types.h
configure:8073: gcc -c -g -O2  conftest.c >&5
configure:8073: $? = 0
configure:8073: result: yes
configure:8073: checking for unistd.h
configure:8073: gcc -c -g -O2  conftest.c >&5
configure:8073: $? = 0
configure:8073: result: yes
configure:8098: checking for emmintrin.h
configure:8098: gcc -c -g -O2  conftest.c >&5
configure:8098: $? = 0
configure:8098: result: yes
configure:8106: checking for xmmintrin.h
configure:8106: gcc -c -g -O2  conftest.c >&5
configure:8106: $? = 0
configure:8106: result: yes
configure:8115: checking for err.h
configure:8115: gcc -c -g -O2  conftest.c >&5
configure:8115: $? = 0
configure:8115: result: yes
configure:8205: checking for g++
configure:8226: found /usr/bin/g++
configure:8238: result: g++
configure:8265: checking for C++ compiler version
configure:8274: g++ --version >&5
g++ (Ubuntu 13.3.0-6ubuntu2~24.04) 13.3.0
Copyright (C) 2023 Free Software Foundation, Inc.
This is free software; see the source for copying conditions.  There is NO
warranty; not even for MERCHANTABILITY or FITNESS FOR A PARTICULAR PURPOSE.

configure:8285: $? = 0
configure:8274: g++ -v >&5
Using built-in specs.
COLLECT_GCC=g++
COLLECT_LTO_WRAPPER=/usr/libexec/gcc/x86_64-linux-gnu/13/lto-wrapper
OFFLOAD_TARGET_NAMES=nvptx-none:amdgcn-amdhsa
OFFLOAD_TARGET_DEFAULT=1
Target: x86_64-linux-gnu
Configured with: ../src/configure -v --with-pkgversion='Ubuntu 13.3.0-6ubuntu2~24.04' --with-bugurl=file:///usr/share/doc/gcc-13/README.Bugs --enable-languages=c,ada,c++,go,d,fortran,objc,obj-c++,m2 --prefix=/usr --with-gcc-major-version-only --program-suffix=-13 --program-prefix=x86_64-linux-gnu- --enable-shared --enable-linker-build-id --libexecdir=/usr/libexec --without-included-gettext --enable-threads=posix --libdir=/usr/lib --enable-nls --enable-bootstrap --enable-clocale=gnu --enable-libstdcxx-debug --enable-libstdcxx-time=yes --with-default-libstdcxx-abi=new --enable-libstdcxx-backtrace --enable-gnu-unique-object --disable-vtable-verify --enable-plugin --enable-default-pie --with-system-zlib --enable-libphobos-checking=release --with-target-system-zlib=auto --enable-objc-gc=auto --enable-multiarch --disable-werror --enable-cet --with-arch-32=i686 --with-abi=m64 --with-multilib-list=m32,m64,mx32 --enable-multilib --with-tune=generic --enable-offload-targets=nvptx-none=/build/gcc-13-fG75Ri/gcc-13-13.3.0/debian/tmp-nvptx/usr,amdgcn-amdhsa=/build/gcc-13-fG75Ri/gcc-13-13.3.0/debian/tmp-gcn/usr --enable-offload-defaulted --without-cuda-driver --enable-checking=release --build=x86_64-linux-gnu --host=x86_64-linux-gnu --target=x86_64-linux-gnu --with-build-config=bootstrap-lto-lean --enable-link-serialization=2
Thread model: posix
Supported LTO compression algorithms: zlib zstd
gcc version 13.3.0 (Ubuntu 13.3.0-6ubuntu2~24.04) 
... rest of stderr output deleted ...
configure:8285: $? = 0
configure:8274: g++ -V >&5
g++: error: unrecognized command-line option '-V'
g++: fatal error: no input files
compilation terminated.
configure:8285: $? = 1
configure:8274: g++ -qversion >&5
g++: error: unrecognized command-line option '-qversion'; did you mean '--version'?
g++: fatal error: no input files
compilation terminated.
configure:8285: $? = 1
configure:8289: checking whether the compiler supports GNU C++
configure:8317: g++ -c   conftest.cpp >&5
configure:8317: $? = 0
configure:8329: result: yes
configure:8340: checking whether g++ accepts -g
configure:8369: g++ -c -g  conftest.cpp >&5
configure:8369: $? = 0
configure:8432: result: yes
configure:8452: checking for g++ option to enable C++11 features
configure:8467: g++  -c -g -O2  conftest.cpp >&5
conftest.cpp: In function 'int main(int, char**)':
conftest.cpp:191:25: warning: empty parentheses were disambiguated as a function declaration [-Wvexing-parse]
  191 |   cxx11test::delegate d2();
      |                         ^~
conftest.cpp:191:25: note: remove parentheses to default-initialize a variable
  191 |   cxx11test::delegate d2();
      |                         ^~
      |                         --
conftest.cpp:191:25: note: or replace parentheses with braces to value-initialize a variable
configure:8467: $? = 0
configure:8486: result: none needed
configure:8561: checking how to run the C++ preprocessor
configure:8583: g++ -E  conftest.cpp
configure:8583: $? = 0
configure:8599: g++ -E  conftest.cpp
conftest.cpp:25:10: fatal error: ac_nonexistent.h: No such file or directory
   25 | #include <ac_nonexistent.h>
      |          ^~~~~~~~~~~~~~~~~~
compilation terminated.
configure:8599: $? = 1
configure: failed program was:
| /* confdefs.h */
| #define PACKAGE_NAME "Specfem3D"
| #define PACKAGE_TARNAME "Specfem3D"
| #define PACKAGE_VERSION "4.1.1"
| #define PACKAGE_STRING "Specfem3D 4.1.1"
| #define PACKAGE_BUGREPORT "see the wiki"
| #define PACKAGE_URL ""
| #define FC_FUNC(name,NAME) name ## _
| #define FC_FUNC_(name,NAME) name ## _
| #define HAVE_SCOTCH 1
| #define HAVE_STDIO_H 1
| #define HAVE_STDLIB_H 1
| #define HAVE_STRING_H 1
| #define HAVE_INTTYPES_H 1
| #define HAVE_STDINT_H 1
| #define HAVE_STRINGS_H 1
| #define HAVE_SYS_STAT_H 1
| #define HAVE_SYS_TYPES_H 1
| #define HAVE_UNISTD_H 1
| #define STDC_HEADERS 1
| #define HAVE_EMMINTRIN 1
| #define HAVE_XMMINTRIN 1
| #define HAVE_ERR 1
| /* end confdefs.h.  */
| #include <ac_nonexistent.h>
configure:8628: result: g++ -E
configure:8642: g++ -E  conftest.cpp
configure:8642: $? = 0
configure:8658: g++ -E  conftest.cpp
conftest.cpp:25:10: fatal error: ac_nonexistent.h: No such file or directory
   25 | #include <ac_nonexistent.h>
      |          ^~~~~~~~~~~~~~~~~~
compilation terminated.
configure:8658: $? = 1
configure: failed program was:
| /* confdefs.h */
| #define PACKAGE_NAME "Specfem3D"
| #define PACKAGE_TARNAME "Specfem3D"
| #define PACKAGE_VERSION "4.1.1"
| #define PACKAGE_STRING "Specfem3D 4.1.1"
| #define PACKAGE_BUGREPORT "see the wiki"
| #define PACKAGE_URL ""
| #define FC_FUNC(name,NAME) name ## _
| #define FC_FUNC_(name,NAME) name ## _
| #define HAVE_SCOTCH 1
| #define HAVE_STDIO_H 1
| #define HAVE_STDLIB_H 1
| #define HAVE_STRING_H 1
| #define HAVE_INTTYPES_H 1
| #define HAVE_STDINT_H 1
| #define HAVE_STRINGS_H 1
| #define HAVE_SYS_STAT_H 1
| #define HAVE_SYS_TYPES_H 1
| #define HAVE_UNISTD_H 1
| #define STDC_HEADERS 1
| #define HAVE_EMMINTRIN 1
| #define HAVE_XMMINTRIN 1
| #define HAVE_ERR 1
| /* end confdefs.h.  */
| #include <ac_nonexistent.h>
configure:8719: checking for mpi.h
configure:8719: g++ -c -g -O2  -I/usr/lib/x86_64-linux-gnu/openmpi/lib/../../fortran/gfortran-mod-15/openmpi  conftest.cpp >&5
configure:8719: $? = 0
configure:8719: result: yes
configure:9102: checking how to run the C preprocessor
configure:9128: gcc -E  conftest.c
configure:9128: $? = 0
configure:9144: gcc -E  conftest.c
conftest.c:25:10: fatal error: ac_nonexistent.h: No such file or directory
   25 | #include <ac_nonexistent.h>
      |          ^~~~~~~~~~~~~~~~~~
compilation terminated.
configure:9144: $? = 1
configure: failed program was:
| /* confdefs.h */
| #define PACKAGE_NAME "Specfem3D"
| #define PACKAGE_TARNAME "Specfem3D"
| #define PACKAGE_VERSION "4.1.1"
| #define PACKAGE_STRING "Specfem3D 4.1.1"
| #define PACKAGE_BUGREPORT "see the wiki"
| #define PACKAGE_URL ""
| #define FC_FUNC(name,NAME) name ## _
| #define FC_FUNC_(name,NAME) name ## _
| #define HAVE_SCOTCH 1
| #define HAVE_STDIO_H 1
| #define HAVE_STDLIB_H 1
| #define HAVE_STRING_H 1
| #define HAVE_INTTYPES_H 1
| #define HAVE_STDINT_H 1
| #define HAVE_STRINGS_H 1
| #define HAVE_SYS_STAT_H 1
| #define HAVE_SYS_TYPES_H 1
| #define HAVE_UNISTD_H 1
| #define STDC_HEADERS 1
| #define HAVE_EMMINTRIN 1
| #define HAVE_XMMINTRIN 1
| #define HAVE_ERR 1
| /* end confdefs.h.  */
| #include <ac_nonexistent.h>
configure:9173: result: gcc -E
configure:9187: gcc -E  conftest.c
configure:9187: $? = 0
configure:9203: gcc -E  conftest.c
conftest.c:25:10: fatal error: ac_nonexistent.h: No such file or directory
   25 | #include <ac_nonexistent.h>
      |          ^~~~~~~~~~~~~~~~~~
compilation terminated.
configure:9203: $? = 1
configure: failed program was:
| /* confdefs.h */
| #define PACKAGE_NAME "Specfem3D"
| #define PACKAGE_TARNAME "Specfem3D"
| #define PACKAGE_VERSION "4.1.1"
| #define PACKAGE_STRING "Specfem3D 4.1.1"
| #define PACKAGE_BUGREPORT "see the wiki"
| #define PACKAGE_URL ""
| #define FC_FUNC(name,NAME) name ## _
| #define FC_FUNC_(name,NAME) name ## _
| #define HAVE_SCOTCH 1
| #define HAVE_STDIO_H 1
| #define HAVE_STDLIB_H 1
| #define HAVE_STRING_H 1
| #define HAVE_INTTYPES_H 1
| #define HAVE_STDINT_H 1
| #define HAVE_STRINGS_H 1
| #define HAVE_SYS_STAT_H 1
| #define HAVE_SYS_TYPES_H 1
| #define HAVE_UNISTD_H 1
| #define STDC_HEADERS 1
| #define HAVE_EMMINTRIN 1
| #define HAVE_XMMINTRIN 1
| #define HAVE_ERR 1
| /* end confdefs.h.  */
| #include <ac_nonexistent.h>
configure:12054: checking for .git/config
configure:12069: result: no
configure:12125: not a git repository
configure:12427: creating ./config.status

## ---------------------- ##
## Running config.status. ##
## ---------------------- ##

This file was extended by Specfem3D config.status 4.1.1, which was
generated by GNU Autoconf 2.72.  Invocation command line was

  CONFIG_FILES    = 
  CONFIG_HEADERS  = 
  CONFIG_LINKS    = 
  CONFIG_COMMANDS = 
  $ ./config.status 

on koukuo-OMEN-by-HP-Gaming-Laptop-16-wf0xxx

config.status:991: creating Makefile
config.status:991: creating setup/constants.h
config.status:991: creating setup/constants_tomography.h
config.status:991: creating setup/precision.h
config.status:991: creating setup/config.fh
config.status:991: creating setup/version.fh
config.status:991: creating ./external_libs/scotch/src/Makefile.inc
config.status:991: creating DATA/Par_file
config.status:991: creating DATA/CMTSOLUTION
config.status:991: creating DATA/STATIONS
config.status:991: creating setup/config.h
config.status:1161: setup/config.h is unchanged
config.status:1175: executing bin commands
config.status:1175: executing obj commands
config.status:1175: executing DATA commands
config.status:1175: executing OUTPUT_FILES commands
config.status:1175: executing DATABASES_MPI commands
configure:13609: WARNING: unrecognized options: --with-cuda12
configure:13619: result: 
configure:13624: result: 
configure:13626: result: ./configure has completed and set up a default configuration to build.
configure:13628: result: 
configure:13630: result: You may wish to modify the following files before running a simulation:
configure:13632: result:   DATA/Par_file           Set parameters affecting the simulation.
configure:13634: result:   DATA/CMTSOLUTION        Set the source parameters before running the solver.
configure:13636: result:   DATA/STATIONS           Set the receiver stations before running the solver.
configure:13638: result: 

## ---------------- ##
## Cache variables. ##
## ---------------- ##

ac_cv_build=x86_64-pc-linux-gnu
ac_cv_c_compiler_gnu=yes
ac_cv_cxx_compiler_gnu=yes
ac_cv_env_ADIOS2_CONFIG_set=
ac_cv_env_ADIOS2_CONFIG_value=
ac_cv_env_ADIOS_CONFIG_set=
ac_cv_env_ADIOS_CONFIG_value=
ac_cv_env_ASDF_LIBS_set=
ac_cv_env_ASDF_LIBS_value=
ac_cv_env_CCC_set=
ac_cv_env_CCC_value=
ac_cv_env_CC_set=set
ac_cv_env_CC_value=gcc
ac_cv_env_CFLAGS_set=
ac_cv_env_CFLAGS_value=
ac_cv_env_CPPFLAGS_set=
ac_cv_env_CPPFLAGS_value=
ac_cv_env_CPP_set=
ac_cv_env_CPP_value=
ac_cv_env_CUDA_FLAGS_set=
ac_cv_env_CUDA_FLAGS_value=
ac_cv_env_CUDA_INC_set=
ac_cv_env_CUDA_INC_value=
ac_cv_env_CUDA_LIB_set=set
ac_cv_env_CUDA_LIB_value=/usr/local/cuda/lib64
ac_cv_env_CXXCPP_set=
ac_cv_env_CXXCPP_value=
ac_cv_env_CXXFLAGS_set=
ac_cv_env_CXXFLAGS_value=
ac_cv_env_CXX_set=
ac_cv_env_CXX_value=
ac_cv_env_FCFLAGS_set=
ac_cv_env_FCFLAGS_value=
ac_cv_env_FC_set=set
ac_cv_env_FC_value=gfortran
ac_cv_env_FLAGS_CHECK_set=
ac_cv_env_FLAGS_CHECK_value=
ac_cv_env_HDF5_FCFLAGS_set=
ac_cv_env_HDF5_FCFLAGS_value=
ac_cv_env_HDF5_INC_set=
ac_cv_env_HDF5_INC_value=
ac_cv_env_HDF5_LIBS_set=
ac_cv_env_HDF5_LIBS_value=
ac_cv_env_HIPCC_set=
ac_cv_env_HIPCC_value=
ac_cv_env_HIP_FLAGS_set=
ac_cv_env_HIP_FLAGS_value=
ac_cv_env_HIP_INC_set=
ac_cv_env_HIP_INC_value=
ac_cv_env_HIP_LIB_set=
ac_cv_env_HIP_LIB_value=
ac_cv_env_LDFLAGS_set=
ac_cv_env_LDFLAGS_value=
ac_cv_env_LIBS_set=
ac_cv_env_LIBS_value=
ac_cv_env_LOCAL_PATH_IS_ALSO_GLOBAL_set=
ac_cv_env_LOCAL_PATH_IS_ALSO_GLOBAL_value=
ac_cv_env_MPICC_set=
ac_cv_env_MPICC_value=
ac_cv_env_MPIFC_set=set
ac_cv_env_MPIFC_value=mpif90
ac_cv_env_MPILIBS_set=
ac_cv_env_MPILIBS_value=
ac_cv_env_MPI_INC_set=
ac_cv_env_MPI_INC_value=
ac_cv_env_NVCC_set=
ac_cv_env_NVCC_value=
ac_cv_env_OMP_FCFLAGS_set=
ac_cv_env_OMP_FCFLAGS_value=
ac_cv_env_OMP_LIB_set=
ac_cv_env_OMP_LIB_value=
ac_cv_env_SCOTCH_DIR_set=
ac_cv_env_SCOTCH_DIR_value=
ac_cv_env_SCOTCH_INCLUDEDIR_set=
ac_cv_env_SCOTCH_INCLUDEDIR_value=
ac_cv_env_SCOTCH_LIBDIR_set=
ac_cv_env_SCOTCH_LIBDIR_value=
ac_cv_env_USE_BUNDLED_SCOTCH_set=
ac_cv_env_USE_BUNDLED_SCOTCH_value=
ac_cv_env_YACC_set=
ac_cv_env_YACC_value=
ac_cv_env_YFLAGS_set=
ac_cv_env_YFLAGS_value=
ac_cv_env_build_alias_set=
ac_cv_env_build_alias_value=
ac_cv_env_host_alias_set=
ac_cv_env_host_alias_value=
ac_cv_env_target_alias_set=
ac_cv_env_target_alias_value=
ac_cv_fc_compiler_gnu=yes
ac_cv_fc_dummy_main=none
ac_cv_fc_freeform=none
ac_cv_fc_libs=' -L/usr/lib/gcc/x86_64-linux-gnu/13 -L/usr/lib/gcc/x86_64-linux-gnu/13/../../../x86_64-linux-gnu -L/usr/lib/gcc/x86_64-linux-gnu/13/../../../../lib -L/lib/x86_64-linux-gnu -L/lib/../lib -L/usr/lib/x86_64-linux-gnu -L/usr/lib/../lib -L/usr/lib/gcc/x86_64-linux-gnu/13/../../.. -lgfortran -lm -lquadmath'
ac_cv_fc_mangling='lower case, underscore, no extra underscore'
ac_cv_fc_module_ext=mod
ac_cv_fc_module_flag=-I
ac_cv_fc_module_output_flag=-J
ac_cv_fc_pp_define=-D
ac_cv_fc_pp_srcext_F90=none
ac_cv_fc_pp_srcext_F=none
ac_cv_fc_srcext_f90=none
ac_cv_file__git_config=no
ac_cv_fortran_dummy_main=none
ac_cv_header_emmintrin_h=yes
ac_cv_header_err_h=yes
ac_cv_header_inttypes_h=yes
ac_cv_header_mpi_h=yes
ac_cv_header_stdint_h=yes
ac_cv_header_stdio_h=yes
ac_cv_header_stdlib_h=yes
ac_cv_header_string_h=yes
ac_cv_header_strings_h=yes
ac_cv_header_sys_stat_h=yes
ac_cv_header_sys_types_h=yes
ac_cv_header_unistd_h=yes
ac_cv_header_xmmintrin_h=yes
ac_cv_host=x86_64-pc-linux-gnu
ac_cv_lib_scotch_scotchfarchinit_=no
ac_cv_objext=o
ac_cv_prog_CPP='gcc -E'
ac_cv_prog_CXXCPP='g++ -E'
ac_cv_prog_ac_ct_CC=gcc
ac_cv_prog_ac_ct_CXX=g++
ac_cv_prog_cc_c11=
ac_cv_prog_cc_g=yes
ac_cv_prog_cc_stdc=
ac_cv_prog_cxx_cxx11=
ac_cv_prog_cxx_g=yes
ac_cv_prog_cxx_stdcxx=
ac_cv_prog_fc_g=yes
ac_cv_prog_fc_v=-v

## ----------------- ##
## Output variables. ##
## ----------------- ##

ADIOS2_CFLAGS=''
ADIOS2_CLIBS=''
ADIOS2_CONFIG=''
ADIOS2_FCFLAGS=''
ADIOS2_LIBS=''
ADIOS_CONFIG=''
ADIOS_FCFLAGS=''
ADIOS_LIBS=''
ASDF_LIBS=''
CC='gcc'
CFLAGS='-g -O2'
COND_ADIOS2_FALSE=''
COND_ADIOS2_TRUE='#'
COND_ADIOS_FALSE=''
COND_ADIOS_TRUE='#'
COND_ASDF_FALSE=''
COND_ASDF_TRUE='#'
COND_CUDA10_FALSE=''
COND_CUDA10_TRUE='#'
COND_CUDA11_FALSE=''
COND_CUDA11_TRUE='#'
COND_CUDA12_FALSE=''
COND_CUDA12_TRUE='#'
COND_CUDA4_FALSE=''
COND_CUDA4_TRUE='#'
COND_CUDA5_FALSE=''
COND_CUDA5_TRUE='#'
COND_CUDA6_FALSE=''
COND_CUDA6_TRUE='#'
COND_CUDA7_FALSE=''
COND_CUDA7_TRUE='#'
COND_CUDA8_FALSE=''
COND_CUDA8_TRUE='#'
COND_CUDA9_FALSE=''
COND_CUDA9_TRUE='#'
COND_CUDA_FALSE=''
COND_CUDA_PLUS_FALSE=''
COND_CUDA_PLUS_TRUE='#'
COND_CUDA_TRUE='#'
COND_DEBUG_FALSE=''
COND_DEBUG_TRUE='#'
COND_HDF5_FALSE=''
COND_HDF5_TRUE='#'
COND_HIP_CUDA10_FALSE=''
COND_HIP_CUDA10_TRUE='#'
COND_HIP_CUDA11_FALSE=''
COND_HIP_CUDA11_TRUE='#'
COND_HIP_CUDA12_FALSE=''
COND_HIP_CUDA12_TRUE='#'
COND_HIP_CUDA5_FALSE=''
COND_HIP_CUDA5_TRUE='#'
COND_HIP_CUDA6_FALSE=''
COND_HIP_CUDA6_TRUE='#'
COND_HIP_CUDA7_FALSE=''
COND_HIP_CUDA7_TRUE='#'
COND_HIP_CUDA8_FALSE=''
COND_HIP_CUDA8_TRUE='#'
COND_HIP_CUDA9_FALSE=''
COND_HIP_CUDA9_TRUE='#'
COND_HIP_FALSE=''
COND_HIP_MI100_FALSE=''
COND_HIP_MI100_TRUE='#'
COND_HIP_MI250_FALSE=''
COND_HIP_MI250_TRUE='#'
COND_HIP_MI25_FALSE=''
COND_HIP_MI25_TRUE='#'
COND_HIP_MI50_FALSE=''
COND_HIP_MI50_TRUE='#'
COND_HIP_MI8_FALSE=''
COND_HIP_MI8_TRUE='#'
COND_HIP_PLATFORM_AMD_FALSE=''
COND_HIP_PLATFORM_AMD_TRUE='#'
COND_HIP_PLATFORM_NVIDIA_FALSE=''
COND_HIP_PLATFORM_NVIDIA_TRUE='#'
COND_HIP_TRUE='#'
COND_MPI_FALSE='#'
COND_MPI_TRUE=''
COND_OMP_FALSE=''
COND_OMP_TRUE='#'
COND_SCOTCH_FALSE='#'
COND_SCOTCH_TRUE=''
COND_VECTORIZATION_FALSE=''
COND_VECTORIZATION_TRUE='#'
COND_VTK_FALSE=''
COND_VTK_TRUE='#'
CONFIGURE_FLAGS='FC=gfortran FCFLAGS=-g -O2'
CPP='gcc -E'
CPPFLAGS=''
CUDA_CPPFLAGS=''
CUDA_FLAGS=''
CUDA_INC=''
CUDA_LDFLAGS=''
CUDA_LIB='/usr/local/cuda/lib64'
CUDA_LIBS=''
CUSTOM_MPI_TYPE='MPI_REAL'
CUSTOM_REAL='SIZE_REAL'
CXX='g++'
CXXCPP='g++ -E'
CXXFLAGS='-g -O2'
DEFS='-DHAVE_CONFIG_H'
ECHO_C=''
ECHO_N='-n'
ECHO_T=''
EXEEXT=''
FC='gfortran'
FCENV=''
FCFLAGS='-g -O2'
FCFLAGS_F90=''
FCFLAGS_F=''
FCFLAGS_f90='-J./obj -I./obj -I. '
FCLIBS=' -L/usr/lib/gcc/x86_64-linux-gnu/13 -L/usr/lib/gcc/x86_64-linux-gnu/13/../../../x86_64-linux-gnu -L/usr/lib/gcc/x86_64-linux-gnu/13/../../../../lib -L/lib/x86_64-linux-gnu -L/lib/../lib -L/usr/lib/x86_64-linux-gnu -L/usr/lib/../lib -L/usr/lib/gcc/x86_64-linux-gnu/13/../../.. -lgfortran -lm -lquadmath'
FC_DEFINE='-D'
FC_MODDIR='./obj'
FC_MODEXT='mod'
FC_MODINC='-I'
FC_MODOUT='-J'
FLAGS_CHECK='-std=f2008 -fimplicit-none -fmax-errors=10 -pedantic -pedantic-errors -Waliasing -Wampersand -Wcharacter-truncation -Wline-truncation -Wsurprising -Wno-tabs -Wunderflow -ffpe-trap=invalid,zero,overflow -Wunused -O3 -finline-functions'
GIT_COMMIT_VERSION='unknown'
GIT_DATE_VERSION='unknown'
GIT_PACKAGE_VERSION='4.1.1'
HDF5_FCFLAGS=''
HDF5_INC=''
HDF5_INCLUDES=''
HDF5_LIBS=''
HIPCC=''
HIPCC_PROG=''
HIPCONFIG_PROG=''
HIP_CPPFLAGS=''
HIP_FLAGS=''
HIP_INC=''
HIP_LDFLAGS=''
HIP_LIB=''
HIP_LIBS=''
LDFLAGS=''
LEX=':'
LEXLIB=''
LEX_OUTPUT_ROOT=''
LIBOBJS=''
LIBS=''
LOCAL_PATH_IS_ALSO_GLOBAL='true'
LTLIBOBJS=''
MPICC='mpicc'
MPIFC='mpif90'
MPILIBS=''
MPI_INC='/usr/lib/x86_64-linux-gnu/openmpi/lib/../../fortran/gfortran-mod-15/openmpi'
MPI_INCLUDES=' -I/usr/lib/x86_64-linux-gnu/openmpi/lib/../../fortran/gfortran-mod-15/openmpi'
NVCC=''
NVCC_PROG=''
OBJEXT='o'
OMP_FCFLAGS='-fopenmp'
OMP_LIB=''
PACKAGE_BUGREPORT='see the wiki'
PACKAGE_NAME='Specfem3D'
PACKAGE_STRING='Specfem3D 4.1.1'
PACKAGE_TARNAME='Specfem3D'
PACKAGE_URL=''
PACKAGE_VERSION='4.1.1'
PATH_SEPARATOR=':'
PTHREAD_CC='gcc'
PTHREAD_CFLAGS=''
PTHREAD_LIBS=''
SCOTCH_DIR='./external_libs/scotch'
SCOTCH_INCLUDEDIR='./external_libs/scotch/include'
SCOTCH_LIBDIR='./external_libs/scotch/lib'
SHELL='/bin/bash'
USE_BUNDLED_SCOTCH='1'
VTK_INCLUDES=''
VTK_LDFLAGS=''
VTK_LIBS=''
VTK_MAJOR=''
YACC='yacc'
YFLAGS=''
ac_ct_CC='gcc'
ac_ct_CXX='g++'
ac_ct_FC=''
ac_empty=''
acx_pthread_config=''
bindir='${exec_prefix}/bin'
build='x86_64-pc-linux-gnu'
build_alias=''
build_cpu='x86_64'
build_os='linux-gnu'
build_vendor='pc'
datadir='${datarootdir}'
datarootdir='${prefix}/share'
docdir='${datarootdir}/doc/${PACKAGE_TARNAME}'
dvidir='${docdir}'
exec_prefix='${prefix}'
host='x86_64-pc-linux-gnu'
host_alias=''
host_cpu='x86_64'
host_os='linux-gnu'
host_vendor='pc'
htmldir='${docdir}'
includedir='${prefix}/include'
infodir='${datarootdir}/info'
libdir='${exec_prefix}/lib'
libexecdir='${exec_prefix}/libexec'
localedir='${datarootdir}/locale'
localstatedir='${prefix}/var'
mandir='${datarootdir}/man'
oldincludedir='/usr/include'
pdfdir='${docdir}'
prefix='/usr/local'
program_transform_name='s,x,x,'
psdir='${docdir}'
runstatedir='${localstatedir}/run'
sbindir='${exec_prefix}/sbin'
sharedstatedir='${prefix}/com'
srcdir='.'
sysconfdir='${prefix}/etc'
target_alias=''

## ----------- ##
## confdefs.h. ##
## ----------- ##

/* confdefs.h */
#define PACKAGE_NAME "Specfem3D"
#define PACKAGE_TARNAME "Specfem3D"
#define PACKAGE_VERSION "4.1.1"
#define PACKAGE_STRING "Specfem3D 4.1.1"
#define PACKAGE_BUGREPORT "see the wiki"
#define PACKAGE_URL ""
#define FC_FUNC(name,NAME) name ## _
#define FC_FUNC_(name,NAME) name ## _
#define HAVE_SCOTCH 1
#define HAVE_STDIO_H 1
#define HAVE_STDLIB_H 1
#define HAVE_STRING_H 1
#define HAVE_INTTYPES_H 1
#define HAVE_STDINT_H 1
#define HAVE_STRINGS_H 1
#define HAVE_SYS_STAT_H 1
#define HAVE_SYS_TYPES_H 1
#define HAVE_UNISTD_H 1
#define STDC_HEADERS 1
#define HAVE_EMMINTRIN 1
#define HAVE_XMMINTRIN 1
#define HAVE_ERR 1
#define SPECFEM3D_RELEASE_VERSION 1
#define SPECFEM3D_GIT_REVISION "unknown"
#define SPECFEM3D_GIT_HASH "unknown"
#define SPECFEM3D_GIT_DATE "unknown"
#define SPECFEM3D_GIT_BRANCH "unknown"
#define SPECFEM3D_VERSION "4.1.1"

configure: exit 0
